<?xml version="1.0" encoding="UTF-8"?>
<!-- Generated by org.testng.reporters.JUnitXMLReporter -->
<testsuite ignored="0" hostname="VIGNESH" failures="0" tests="18" name="Test" time="97.586" errors="0" timestamp="2023-06-06T00:32:56 IST">
  <testcase classname="TestCase.Login_Test" name="@BeforeMethod setUp" time="13.702">
    <failure type="org.openqa.selenium.TimeoutException" message="timeout: Timed out receiving message from renderer: 10.000
  (Session info: chrome=109.0.5414.141)
Build info: version: &amp;apos;4.8.3&amp;apos;, revision: &amp;apos;e5e76298c3&amp;apos;
System info: os.name: &amp;apos;Windows 8.1&amp;apos;, os.arch: &amp;apos;amd64&amp;apos;, os.version: &amp;apos;6.3&amp;apos;, java.version: &amp;apos;17.0.7&amp;apos;
Driver info: org.openqa.selenium.chrome.ChromeDriver
Command: [4dc935af659312def80c0b5816acbd90, clickElement {id=f22f7f34-6ea4-4bff-8b4d-bd5502080b89}]
Capabilities {acceptInsecureCerts: false, browserName: chrome, browserVersion: 109.0.5414.141, chrome: {chromedriverVersion: 109.0.5414.74 (e7c5703604da..., userDataDir: C:\Users\VICKY\AppData\Loca...}, goog:chromeOptions: {debuggerAddress: localhost:61595}, networkConnectionEnabled: false, pageLoadStrategy: normal, platformName: WINDOWS, proxy: Proxy(), se:cdp: ws://localhost:61595/devtoo..., se:cdpVersion: 109.0.5414.141, setWindowRect: true, strictFileInteractability: false, timeouts: {implicit: 0, pageLoad: 300000, script: 30000}, unhandledPromptBehavior: dismiss and notify, webauthn:extension:credBlob: true, webauthn:extension:largeBlob: true, webauthn:virtualAuthenticators: true}
Element: [[ChromeDriver: chrome on WINDOWS (4dc935af659312def80c0b5816acbd90)] -&amp;gt; xpath: //a[text()=&amp;apos;Login&amp;apos;]]
Session ID: 4dc935af659312def80c0b5816acbd90">
      <![CDATA[org.openqa.selenium.TimeoutException: timeout: Timed out receiving message from renderer: 10.000
  (Session info: chrome=109.0.5414.141)
Build info: version: '4.8.3', revision: 'e5e76298c3'
System info: os.name: 'Windows 8.1', os.arch: 'amd64', os.version: '6.3', java.version: '17.0.7'
Driver info: org.openqa.selenium.chrome.ChromeDriver
Command: [4dc935af659312def80c0b5816acbd90, clickElement {id=f22f7f34-6ea4-4bff-8b4d-bd5502080b89}]
Capabilities {acceptInsecureCerts: false, browserName: chrome, browserVersion: 109.0.5414.141, chrome: {chromedriverVersion: 109.0.5414.74 (e7c5703604da..., userDataDir: C:\Users\VICKY\AppData\Loca...}, goog:chromeOptions: {debuggerAddress: localhost:61595}, networkConnectionEnabled: false, pageLoadStrategy: normal, platformName: WINDOWS, proxy: Proxy(), se:cdp: ws://localhost:61595/devtoo..., se:cdpVersion: 109.0.5414.141, setWindowRect: true, strictFileInteractability: false, timeouts: {implicit: 0, pageLoad: 300000, script: 30000}, unhandledPromptBehavior: dismiss and notify, webauthn:extension:credBlob: true, webauthn:extension:largeBlob: true, webauthn:virtualAuthenticators: true}
Element: [[ChromeDriver: chrome on WINDOWS (4dc935af659312def80c0b5816acbd90)] -> xpath: //a[text()='Login']]
Session ID: 4dc935af659312def80c0b5816acbd90
at org.openqa.selenium.remote.codec.w3c.W3CHttpResponseCodec.createException(W3CHttpResponseCodec.java:200)
at org.openqa.selenium.remote.codec.w3c.W3CHttpResponseCodec.decode(W3CHttpResponseCodec.java:133)
at org.openqa.selenium.remote.codec.w3c.W3CHttpResponseCodec.decode(W3CHttpResponseCodec.java:53)
at org.openqa.selenium.remote.HttpCommandExecutor.execute(HttpCommandExecutor.java:193)
at org.openqa.selenium.remote.service.DriverCommandExecutor.invokeExecute(DriverCommandExecutor.java:183)
at org.openqa.selenium.remote.service.DriverCommandExecutor.execute(DriverCommandExecutor.java:158)
at org.openqa.selenium.remote.RemoteWebDriver.execute(RemoteWebDriver.java:543)
at org.openqa.selenium.remote.RemoteWebElement.execute(RemoteWebElement.java:257)
at org.openqa.selenium.remote.RemoteWebElement.click(RemoteWebElement.java:78)
at org.openqa.selenium.support.pagefactory.internal.LocatingElementHandler.invoke(LocatingElementHandler.java:52)
at jdk.proxy2/jdk.proxy2.$Proxy18.click(Unknown Source)
at POM.HomePage.clickOnLogin(HomePage.java:31)
at TestCase.Login_Test.setUp(Login_Test.java:27)
at java.base/java.util.ArrayList.forEach(ArrayList.java:1511)
... Removed 39 stack frames]]>
    </failure>
  </testcase> <!-- @BeforeMethod setUp -->
  <testcase classname="TestCase.Login_Test" name="@AfterMethod tearDown" time="-1.685991776041E9">
    <skipped/>
  </testcase> <!-- @AfterMethod tearDown -->
  <testcase classname="TestCase.Login_Test" name="@BeforeMethod setUp" time="-1.685991776043E9">
    <skipped/>
  </testcase> <!-- @BeforeMethod setUp -->
  <testcase classname="TestCase.Login_Test" name="@AfterMethod tearDown" time="-1.685991776056E9">
    <skipped/>
  </testcase> <!-- @AfterMethod tearDown -->
  <testcase classname="TestCase.Login_Test" name="@BeforeMethod setUp" time="-1.685991776058E9">
    <skipped/>
  </testcase> <!-- @BeforeMethod setUp -->
  <testcase classname="TestCase.Login_Test" name="@AfterMethod tearDown" time="-1.68599177607E9">
    <skipped/>
  </testcase> <!-- @AfterMethod tearDown -->
  <testcase classname="TestCase.Register_Test" name="RegisterWithAllDetailsProperly" time="1.671"/>
  <testcase classname="TestCase.Register_Test" name="RegisterWithAllDetailsProperly" time="0.956"/>
  <testcase classname="TestCase.Register_Test" name="RegisterWithAllDetailsProperly" time="0.902"/>
  <testcase classname="TestCase.Register_Test" name="RegisterWithAllDetailsProperly" time="0.881"/>
  <testcase classname="TestCase.Register_Test" name="RegisterWithAllDetailsProperly" time="0.995"/>
  <testcase classname="TestCase.Register_Test" name="RegisterWithExistEmail" time="0.887"/>
  <testcase classname="TestCase.Register_Test" name="RegisterWithoutClickingPrivacy" time="0.878"/>
  <testcase classname="TestCase.Login_Test" name="verifyLoginWithValidCredential" time="0.674"/>
  <testcase classname="TestCase.Login_Test" name="verifyLoginWithValidCredential" time="0.53"/>
  <testcase classname="TestCase.Login_Test" name="verifyLoginWithValidCredential" time="0.545"/>
  <testcase classname="TestCase.Login_Test" name="verifyLoginWithValidCredential" time="0.589"/>
  <testcase classname="TestCase.Login_Test" name="verifyLoginWithValidCredential" time="0.5"/>
  <testcase classname="TestCase.Login_Test" name="verifyLoginWithValidCredential" time="0.663"/>
  <testcase classname="TestCase.Login_Test" name="verifyLoginWithValidCredential" time="0.657"/>
  <testcase classname="TestCase.Login_Test" name="verifyLoginWithValidCredential" time="0.632"/>
  <testcase classname="TestCase.Login_Test" name="verifyLoginWithValidCredential" time="0.0">
    <skipped/>
  </testcase> <!-- verifyLoginWithValidCredential -->
  <testcase classname="TestCase.Login_Test" name="verifyLoginWithInvalidCredential" time="0.0">
    <skipped/>
  </testcase> <!-- verifyLoginWithInvalidCredential -->
  <testcase classname="TestCase.Login_Test" name="verifyLoginWithoutCredential" time="0.0">
    <skipped/>
  </testcase> <!-- verifyLoginWithoutCredential -->
</testsuite> <!-- Test -->
