<!DOCTYPE html PUBLIC "-//W3C//DTD XHTML 1.1//EN" "https://www.w3.org/TR/xhtml11/DTD/xhtml11.dtd">
<html xmlns="https://www.w3.org/1999/xhtml">
<head>
<meta http-equiv="content-type" content="text/html; charset=UTF-8"/>
<title>TestNG Report</title>
<style type="text/css">table {margin-bottom:10px;border-collapse:collapse;empty-cells:show}th,td {border:1px solid #009;padding:.25em .5em}th {vertical-align:bottom}td {vertical-align:top}table a {font-weight:bold}.stripe td {background-color: #E6EBF9}.num {text-align:right}.passedodd td {background-color: #3F3}.passedeven td {background-color: #0A0}.skippedodd td {background-color: #DDD}.skippedeven td {background-color: #CCC}.failedodd td,.attn {background-color: #F33}.failedeven td,.stripe .attn {background-color: #D00}.stacktrace {white-space:pre;font-family:monospace}.totop {font-size:85%;text-align:center;border-bottom:2px solid #000}.invisible {display:none}</style>
</head>
<body>
<table>
<tr><th>Test</th><th># Passed</th><th># Skipped</th><th># Retried</th><th># Failed</th><th>Time (ms)</th><th>Included Groups</th><th>Excluded Groups</th></tr>
<tr><th colspan="8">Suite</th></tr>
<tr><td><a href="#t0">Test</a></td><td class="num">15</td><td class="num attn">3</td><td class="num">0</td><td class="num">0</td><td class="num">97,586</td><td></td><td></td></tr>
</table>
<table id='summary'><thead><tr><th>Class</th><th>Method</th><th>Start</th><th>Time (ms)</th></tr></thead><tbody><tr><th colspan="4">Suite</th></tr></tbody><tbody id="t0"><tr><th colspan="4">Test &#8212; failed (configuration methods)</th></tr><tr class="failedeven"><td rowspan="1">TestCase.Login_Test</td><td><a href="#m0">setUp</a></td><td rowspan="1">1685991762310</td><td rowspan="1">13702</td></tr><tr><th colspan="4">Test &#8212; skipped (configuration methods)</th></tr><tr class="skippedeven"><td rowspan="5">TestCase.Login_Test</td><td><a href="#m1">setUp</a></td><td rowspan="2">1685991776058</td><td rowspan="2">-1685991776058</td></tr><tr class="skippedeven"><td><a href="#m2">setUp</a></td></tr><tr class="skippedeven"><td><a href="#m3">tearDown</a></td><td rowspan="3">1685991776041</td><td rowspan="3">-1685991776041</td></tr><tr class="skippedeven"><td><a href="#m4">tearDown</a></td></tr><tr class="skippedeven"><td><a href="#m5">tearDown</a></td></tr><tr><th colspan="4">Test &#8212; skipped</th></tr><tr class="skippedeven"><td rowspan="3">TestCase.Login_Test</td><td><a href="#m6">verifyLoginWithInvalidCredential</a></td><td rowspan="1">1685991776043</td><td rowspan="1">0</td></tr><tr class="skippedeven"><td><a href="#m7">verifyLoginWithValidCredential</a></td><td rowspan="1">1685991776020</td><td rowspan="1">0</td></tr><tr class="skippedeven"><td><a href="#m8">verifyLoginWithoutCredential</a></td><td rowspan="1">1685991776059</td><td rowspan="1">0</td></tr><tr><th colspan="4">Test &#8212; passed</th></tr><tr class="passedeven"><td rowspan="8">TestCase.Login_Test</td><td><a href="#m9">verifyLoginWithValidCredential</a></td><td rowspan="8">1685991744780</td><td rowspan="8">500</td></tr><tr class="passedeven"><td><a href="#m10">verifyLoginWithValidCredential</a></td></tr><tr class="passedeven"><td><a href="#m11">verifyLoginWithValidCredential</a></td></tr><tr class="passedeven"><td><a href="#m12">verifyLoginWithValidCredential</a></td></tr><tr class="passedeven"><td><a href="#m13">verifyLoginWithValidCredential</a></td></tr><tr class="passedeven"><td><a href="#m14">verifyLoginWithValidCredential</a></td></tr><tr class="passedeven"><td><a href="#m15">verifyLoginWithValidCredential</a></td></tr><tr class="passedeven"><td><a href="#m16">verifyLoginWithValidCredential</a></td></tr><tr class="passedodd"><td rowspan="7">TestCase.Register_Test</td><td><a href="#m17">RegisterWithAllDetailsProperly</a></td><td rowspan="5">1685991690481</td><td rowspan="5">956</td></tr><tr class="passedodd"><td><a href="#m18">RegisterWithAllDetailsProperly</a></td></tr><tr class="passedodd"><td><a href="#m19">RegisterWithAllDetailsProperly</a></td></tr><tr class="passedodd"><td><a href="#m20">RegisterWithAllDetailsProperly</a></td></tr><tr class="passedodd"><td><a href="#m21">RegisterWithAllDetailsProperly</a></td></tr><tr class="passedodd"><td><a href="#m22">RegisterWithExistEmail</a></td><td rowspan="1">1685991712174</td><td rowspan="1">887</td></tr><tr class="passedodd"><td><a href="#m23">RegisterWithoutClickingPrivacy</a></td><td rowspan="1">1685991717856</td><td rowspan="1">878</td></tr></tbody>
</table>
<h2>Test</h2><h3 id="m0">TestCase.Login_Test#setUp</h3><table class="result"><tr><th>Exception</th></tr><tr><td><div class="stacktrace">org.openqa.selenium.TimeoutException: timeout: Timed out receiving message from renderer: 10.000
  (Session info: chrome=109.0.5414.141)
Build info: version: &apos;4.8.3&apos;, revision: &apos;e5e76298c3&apos;
System info: os.name: &apos;Windows 8.1&apos;, os.arch: &apos;amd64&apos;, os.version: &apos;6.3&apos;, java.version: &apos;17.0.7&apos;
Driver info: org.openqa.selenium.chrome.ChromeDriver
Command: [4dc935af659312def80c0b5816acbd90, clickElement {id=f22f7f34-6ea4-4bff-8b4d-bd5502080b89}]
Capabilities {acceptInsecureCerts: false, browserName: chrome, browserVersion: 109.0.5414.141, chrome: {chromedriverVersion: 109.0.5414.74 (e7c5703604da..., userDataDir: C:\Users\VICKY\AppData\Loca...}, goog:chromeOptions: {debuggerAddress: localhost:61595}, networkConnectionEnabled: false, pageLoadStrategy: normal, platformName: WINDOWS, proxy: Proxy(), se:cdp: ws://localhost:61595/devtoo..., se:cdpVersion: 109.0.5414.141, setWindowRect: true, strictFileInteractability: false, timeouts: {implicit: 0, pageLoad: 300000, script: 30000}, unhandledPromptBehavior: dismiss and notify, webauthn:extension:credBlob: true, webauthn:extension:largeBlob: true, webauthn:virtualAuthenticators: true}
Element: [[ChromeDriver: chrome on WINDOWS (4dc935af659312def80c0b5816acbd90)] -&gt; xpath: //a[text()=&apos;Login&apos;]]
Session ID: 4dc935af659312def80c0b5816acbd90
	at org.openqa.selenium.remote.codec.w3c.W3CHttpResponseCodec.createException(W3CHttpResponseCodec.java:200)
	at org.openqa.selenium.remote.codec.w3c.W3CHttpResponseCodec.decode(W3CHttpResponseCodec.java:133)
	at org.openqa.selenium.remote.codec.w3c.W3CHttpResponseCodec.decode(W3CHttpResponseCodec.java:53)
	at org.openqa.selenium.remote.HttpCommandExecutor.execute(HttpCommandExecutor.java:193)
	at org.openqa.selenium.remote.service.DriverCommandExecutor.invokeExecute(DriverCommandExecutor.java:183)
	at org.openqa.selenium.remote.service.DriverCommandExecutor.execute(DriverCommandExecutor.java:158)
	at org.openqa.selenium.remote.RemoteWebDriver.execute(RemoteWebDriver.java:543)
	at org.openqa.selenium.remote.RemoteWebElement.execute(RemoteWebElement.java:257)
	at org.openqa.selenium.remote.RemoteWebElement.click(RemoteWebElement.java:78)
	at org.openqa.selenium.support.pagefactory.internal.LocatingElementHandler.invoke(LocatingElementHandler.java:52)
	at jdk.proxy2/jdk.proxy2.$Proxy18.click(Unknown Source)
	at POM.HomePage.clickOnLogin(HomePage.java:31)
	at TestCase.Login_Test.setUp(Login_Test.java:27)
	at java.base/java.util.ArrayList.forEach(ArrayList.java:1511)
... Removed 39 stack frames</div></td></tr></table><p class="totop"><a href="#summary">back to summary</a></p>
<h3 id="m1">TestCase.Login_Test#setUp</h3><table class="result"><tr><th class="invisible"/></tr></table><p class="totop"><a href="#summary">back to summary</a></p>
<h3 id="m2">TestCase.Login_Test#setUp</h3><table class="result"><tr><th class="invisible"/></tr></table><p class="totop"><a href="#summary">back to summary</a></p>
<h3 id="m3">TestCase.Login_Test#tearDown</h3><table class="result"><tr><th class="invisible"/></tr></table><p class="totop"><a href="#summary">back to summary</a></p>
<h3 id="m4">TestCase.Login_Test#tearDown</h3><table class="result"><tr><th class="invisible"/></tr></table><p class="totop"><a href="#summary">back to summary</a></p>
<h3 id="m5">TestCase.Login_Test#tearDown</h3><table class="result"><tr><th class="invisible"/></tr></table><p class="totop"><a href="#summary">back to summary</a></p>
<h3 id="m6">TestCase.Login_Test#verifyLoginWithInvalidCredential</h3><table class="result"><tr class="param"><th>Parameter #1</th></tr><tr class="param stripe"><td>void TestCase.Login_Test.verifyLoginWithInvalidCredential(java.lang.reflect.Method)</td></tr><tr><th>Exception</th></tr><tr><td><div class="stacktrace">org.openqa.selenium.TimeoutException: timeout: Timed out receiving message from renderer: 10.000
  (Session info: chrome=109.0.5414.141)
Build info: version: &apos;4.8.3&apos;, revision: &apos;e5e76298c3&apos;
System info: os.name: &apos;Windows 8.1&apos;, os.arch: &apos;amd64&apos;, os.version: &apos;6.3&apos;, java.version: &apos;17.0.7&apos;
Driver info: org.openqa.selenium.chrome.ChromeDriver
Command: [4dc935af659312def80c0b5816acbd90, clickElement {id=f22f7f34-6ea4-4bff-8b4d-bd5502080b89}]
Capabilities {acceptInsecureCerts: false, browserName: chrome, browserVersion: 109.0.5414.141, chrome: {chromedriverVersion: 109.0.5414.74 (e7c5703604da..., userDataDir: C:\Users\VICKY\AppData\Loca...}, goog:chromeOptions: {debuggerAddress: localhost:61595}, networkConnectionEnabled: false, pageLoadStrategy: normal, platformName: WINDOWS, proxy: Proxy(), se:cdp: ws://localhost:61595/devtoo..., se:cdpVersion: 109.0.5414.141, setWindowRect: true, strictFileInteractability: false, timeouts: {implicit: 0, pageLoad: 300000, script: 30000}, unhandledPromptBehavior: dismiss and notify, webauthn:extension:credBlob: true, webauthn:extension:largeBlob: true, webauthn:virtualAuthenticators: true}
Element: [[ChromeDriver: chrome on WINDOWS (4dc935af659312def80c0b5816acbd90)] -&gt; xpath: //a[text()=&apos;Login&apos;]]
Session ID: 4dc935af659312def80c0b5816acbd90
	at org.openqa.selenium.remote.codec.w3c.W3CHttpResponseCodec.createException(W3CHttpResponseCodec.java:200)
	at org.openqa.selenium.remote.codec.w3c.W3CHttpResponseCodec.decode(W3CHttpResponseCodec.java:133)
	at org.openqa.selenium.remote.codec.w3c.W3CHttpResponseCodec.decode(W3CHttpResponseCodec.java:53)
	at org.openqa.selenium.remote.HttpCommandExecutor.execute(HttpCommandExecutor.java:193)
	at org.openqa.selenium.remote.service.DriverCommandExecutor.invokeExecute(DriverCommandExecutor.java:183)
	at org.openqa.selenium.remote.service.DriverCommandExecutor.execute(DriverCommandExecutor.java:158)
	at org.openqa.selenium.remote.RemoteWebDriver.execute(RemoteWebDriver.java:543)
	at org.openqa.selenium.remote.RemoteWebElement.execute(RemoteWebElement.java:257)
	at org.openqa.selenium.remote.RemoteWebElement.click(RemoteWebElement.java:78)
	at org.openqa.selenium.support.pagefactory.internal.LocatingElementHandler.invoke(LocatingElementHandler.java:52)
	at jdk.proxy2/jdk.proxy2.$Proxy18.click(Unknown Source)
	at POM.HomePage.clickOnLogin(HomePage.java:31)
	at TestCase.Login_Test.setUp(Login_Test.java:27)
	at java.base/java.util.ArrayList.forEach(ArrayList.java:1511)
... Removed 39 stack frames</div></td></tr></table><p class="totop"><a href="#summary">back to summary</a></p>
<h3 id="m7">TestCase.Login_Test#verifyLoginWithValidCredential</h3><table class="result"><tr class="param"><th>Parameter #1</th><th>Parameter #2</th><th>Parameter #3</th></tr><tr class="param stripe"><td>muruTueJun06003141IST2023@gmail.com</td><td>Mmuru@2004</td><td>void TestCase.Login_Test.verifyLoginWithValidCredential(java.lang.String,java.lang.String,java.lang.reflect.Method)</td></tr><tr><th colspan="3">Exception</th></tr><tr><td colspan="3"><div class="stacktrace">org.openqa.selenium.TimeoutException: timeout: Timed out receiving message from renderer: 10.000
  (Session info: chrome=109.0.5414.141)
Build info: version: &apos;4.8.3&apos;, revision: &apos;e5e76298c3&apos;
System info: os.name: &apos;Windows 8.1&apos;, os.arch: &apos;amd64&apos;, os.version: &apos;6.3&apos;, java.version: &apos;17.0.7&apos;
Driver info: org.openqa.selenium.chrome.ChromeDriver
Command: [4dc935af659312def80c0b5816acbd90, clickElement {id=f22f7f34-6ea4-4bff-8b4d-bd5502080b89}]
Capabilities {acceptInsecureCerts: false, browserName: chrome, browserVersion: 109.0.5414.141, chrome: {chromedriverVersion: 109.0.5414.74 (e7c5703604da..., userDataDir: C:\Users\VICKY\AppData\Loca...}, goog:chromeOptions: {debuggerAddress: localhost:61595}, networkConnectionEnabled: false, pageLoadStrategy: normal, platformName: WINDOWS, proxy: Proxy(), se:cdp: ws://localhost:61595/devtoo..., se:cdpVersion: 109.0.5414.141, setWindowRect: true, strictFileInteractability: false, timeouts: {implicit: 0, pageLoad: 300000, script: 30000}, unhandledPromptBehavior: dismiss and notify, webauthn:extension:credBlob: true, webauthn:extension:largeBlob: true, webauthn:virtualAuthenticators: true}
Element: [[ChromeDriver: chrome on WINDOWS (4dc935af659312def80c0b5816acbd90)] -&gt; xpath: //a[text()=&apos;Login&apos;]]
Session ID: 4dc935af659312def80c0b5816acbd90
	at org.openqa.selenium.remote.codec.w3c.W3CHttpResponseCodec.createException(W3CHttpResponseCodec.java:200)
	at org.openqa.selenium.remote.codec.w3c.W3CHttpResponseCodec.decode(W3CHttpResponseCodec.java:133)
	at org.openqa.selenium.remote.codec.w3c.W3CHttpResponseCodec.decode(W3CHttpResponseCodec.java:53)
	at org.openqa.selenium.remote.HttpCommandExecutor.execute(HttpCommandExecutor.java:193)
	at org.openqa.selenium.remote.service.DriverCommandExecutor.invokeExecute(DriverCommandExecutor.java:183)
	at org.openqa.selenium.remote.service.DriverCommandExecutor.execute(DriverCommandExecutor.java:158)
	at org.openqa.selenium.remote.RemoteWebDriver.execute(RemoteWebDriver.java:543)
	at org.openqa.selenium.remote.RemoteWebElement.execute(RemoteWebElement.java:257)
	at org.openqa.selenium.remote.RemoteWebElement.click(RemoteWebElement.java:78)
	at org.openqa.selenium.support.pagefactory.internal.LocatingElementHandler.invoke(LocatingElementHandler.java:52)
	at jdk.proxy2/jdk.proxy2.$Proxy18.click(Unknown Source)
	at POM.HomePage.clickOnLogin(HomePage.java:31)
	at TestCase.Login_Test.setUp(Login_Test.java:27)
	at java.base/java.util.ArrayList.forEach(ArrayList.java:1511)
... Removed 39 stack frames</div></td></tr></table><p class="totop"><a href="#summary">back to summary</a></p>
<h3 id="m8">TestCase.Login_Test#verifyLoginWithoutCredential</h3><table class="result"><tr class="param"><th>Parameter #1</th></tr><tr class="param stripe"><td>void TestCase.Login_Test.verifyLoginWithoutCredential(java.lang.reflect.Method)</td></tr><tr><th>Exception</th></tr><tr><td><div class="stacktrace">org.openqa.selenium.TimeoutException: timeout: Timed out receiving message from renderer: 10.000
  (Session info: chrome=109.0.5414.141)
Build info: version: &apos;4.8.3&apos;, revision: &apos;e5e76298c3&apos;
System info: os.name: &apos;Windows 8.1&apos;, os.arch: &apos;amd64&apos;, os.version: &apos;6.3&apos;, java.version: &apos;17.0.7&apos;
Driver info: org.openqa.selenium.chrome.ChromeDriver
Command: [4dc935af659312def80c0b5816acbd90, clickElement {id=f22f7f34-6ea4-4bff-8b4d-bd5502080b89}]
Capabilities {acceptInsecureCerts: false, browserName: chrome, browserVersion: 109.0.5414.141, chrome: {chromedriverVersion: 109.0.5414.74 (e7c5703604da..., userDataDir: C:\Users\VICKY\AppData\Loca...}, goog:chromeOptions: {debuggerAddress: localhost:61595}, networkConnectionEnabled: false, pageLoadStrategy: normal, platformName: WINDOWS, proxy: Proxy(), se:cdp: ws://localhost:61595/devtoo..., se:cdpVersion: 109.0.5414.141, setWindowRect: true, strictFileInteractability: false, timeouts: {implicit: 0, pageLoad: 300000, script: 30000}, unhandledPromptBehavior: dismiss and notify, webauthn:extension:credBlob: true, webauthn:extension:largeBlob: true, webauthn:virtualAuthenticators: true}
Element: [[ChromeDriver: chrome on WINDOWS (4dc935af659312def80c0b5816acbd90)] -&gt; xpath: //a[text()=&apos;Login&apos;]]
Session ID: 4dc935af659312def80c0b5816acbd90
	at org.openqa.selenium.remote.codec.w3c.W3CHttpResponseCodec.createException(W3CHttpResponseCodec.java:200)
	at org.openqa.selenium.remote.codec.w3c.W3CHttpResponseCodec.decode(W3CHttpResponseCodec.java:133)
	at org.openqa.selenium.remote.codec.w3c.W3CHttpResponseCodec.decode(W3CHttpResponseCodec.java:53)
	at org.openqa.selenium.remote.HttpCommandExecutor.execute(HttpCommandExecutor.java:193)
	at org.openqa.selenium.remote.service.DriverCommandExecutor.invokeExecute(DriverCommandExecutor.java:183)
	at org.openqa.selenium.remote.service.DriverCommandExecutor.execute(DriverCommandExecutor.java:158)
	at org.openqa.selenium.remote.RemoteWebDriver.execute(RemoteWebDriver.java:543)
	at org.openqa.selenium.remote.RemoteWebElement.execute(RemoteWebElement.java:257)
	at org.openqa.selenium.remote.RemoteWebElement.click(RemoteWebElement.java:78)
	at org.openqa.selenium.support.pagefactory.internal.LocatingElementHandler.invoke(LocatingElementHandler.java:52)
	at jdk.proxy2/jdk.proxy2.$Proxy18.click(Unknown Source)
	at POM.HomePage.clickOnLogin(HomePage.java:31)
	at TestCase.Login_Test.setUp(Login_Test.java:27)
	at java.base/java.util.ArrayList.forEach(ArrayList.java:1511)
... Removed 39 stack frames</div></td></tr></table><p class="totop"><a href="#summary">back to summary</a></p>
<h3 id="m9">TestCase.Login_Test#verifyLoginWithValidCredential</h3><table class="result"><tr class="param"><th>Parameter #1</th><th>Parameter #2</th><th>Parameter #3</th></tr><tr class="param stripe"><td>muruSunJun04004336IST2023@gmail.com</td><td>Mmuru@2004</td><td>void TestCase.Login_Test.verifyLoginWithValidCredential(java.lang.String,java.lang.String,java.lang.reflect.Method)</td></tr></table><p class="totop"><a href="#summary">back to summary</a></p>
<h3 id="m10">TestCase.Login_Test#verifyLoginWithValidCredential</h3><table class="result"><tr class="param"><th>Parameter #1</th><th>Parameter #2</th><th>Parameter #3</th></tr><tr class="param stripe"><td>muruSunJun04004330IST2023@gmail.com</td><td>Mmuru@2004</td><td>void TestCase.Login_Test.verifyLoginWithValidCredential(java.lang.String,java.lang.String,java.lang.reflect.Method)</td></tr></table><p class="totop"><a href="#summary">back to summary</a></p>
<h3 id="m11">TestCase.Login_Test#verifyLoginWithValidCredential</h3><table class="result"><tr class="param"><th>Parameter #1</th><th>Parameter #2</th><th>Parameter #3</th></tr><tr class="param stripe"><td>muruTueJun06003130IST2023@gmail.com</td><td>Mmuru@2004</td><td>void TestCase.Login_Test.verifyLoginWithValidCredential(java.lang.String,java.lang.String,java.lang.reflect.Method)</td></tr></table><p class="totop"><a href="#summary">back to summary</a></p>
<h3 id="m12">TestCase.Login_Test#verifyLoginWithValidCredential</h3><table class="result"><tr class="param"><th>Parameter #1</th><th>Parameter #2</th><th>Parameter #3</th></tr><tr class="param stripe"><td>muruSunJun04004308IST2023@gmail.com</td><td>Mmuru@2004</td><td>void TestCase.Login_Test.verifyLoginWithValidCredential(java.lang.String,java.lang.String,java.lang.reflect.Method)</td></tr></table><p class="totop"><a href="#summary">back to summary</a></p>
<h3 id="m13">TestCase.Login_Test#verifyLoginWithValidCredential</h3><table class="result"><tr class="param"><th>Parameter #1</th><th>Parameter #2</th><th>Parameter #3</th></tr><tr class="param stripe"><td>muruSunJun04004323IST2023@gmail.com</td><td>Mmuru@2004</td><td>void TestCase.Login_Test.verifyLoginWithValidCredential(java.lang.String,java.lang.String,java.lang.reflect.Method)</td></tr></table><p class="totop"><a href="#summary">back to summary</a></p>
<h3 id="m14">TestCase.Login_Test#verifyLoginWithValidCredential</h3><table class="result"><tr class="param"><th>Parameter #1</th><th>Parameter #2</th><th>Parameter #3</th></tr><tr class="param stripe"><td>muruTueJun06003135IST2023@gmail.com</td><td>Mmuru@2004</td><td>void TestCase.Login_Test.verifyLoginWithValidCredential(java.lang.String,java.lang.String,java.lang.reflect.Method)</td></tr></table><p class="totop"><a href="#summary">back to summary</a></p>
<h3 id="m15">TestCase.Login_Test#verifyLoginWithValidCredential</h3><table class="result"><tr class="param"><th>Parameter #1</th><th>Parameter #2</th><th>Parameter #3</th></tr><tr class="param stripe"><td>muruTueJun06003124IST2023@gmail.com</td><td>Mmuru@2004</td><td>void TestCase.Login_Test.verifyLoginWithValidCredential(java.lang.String,java.lang.String,java.lang.reflect.Method)</td></tr></table><p class="totop"><a href="#summary">back to summary</a></p>
<h3 id="m16">TestCase.Login_Test#verifyLoginWithValidCredential</h3><table class="result"><tr class="param"><th>Parameter #1</th><th>Parameter #2</th><th>Parameter #3</th></tr><tr class="param stripe"><td>muruSunJun04004316IST2023@gmail.com</td><td>Mmuru@2004</td><td>void TestCase.Login_Test.verifyLoginWithValidCredential(java.lang.String,java.lang.String,java.lang.reflect.Method)</td></tr></table><p class="totop"><a href="#summary">back to summary</a></p>
<h3 id="m17">TestCase.Register_Test#RegisterWithAllDetailsProperly</h3><table class="result"><tr class="param"><th>Parameter #1</th></tr><tr class="param stripe"><td>void TestCase.Register_Test.RegisterWithAllDetailsProperly(java.lang.reflect.Method)</td></tr></table><p class="totop"><a href="#summary">back to summary</a></p>
<h3 id="m18">TestCase.Register_Test#RegisterWithAllDetailsProperly</h3><table class="result"><tr class="param"><th>Parameter #1</th></tr><tr class="param stripe"><td>void TestCase.Register_Test.RegisterWithAllDetailsProperly(java.lang.reflect.Method)</td></tr></table><p class="totop"><a href="#summary">back to summary</a></p>
<h3 id="m19">TestCase.Register_Test#RegisterWithAllDetailsProperly</h3><table class="result"><tr class="param"><th>Parameter #1</th></tr><tr class="param stripe"><td>void TestCase.Register_Test.RegisterWithAllDetailsProperly(java.lang.reflect.Method)</td></tr></table><p class="totop"><a href="#summary">back to summary</a></p>
<h3 id="m20">TestCase.Register_Test#RegisterWithAllDetailsProperly</h3><table class="result"><tr class="param"><th>Parameter #1</th></tr><tr class="param stripe"><td>void TestCase.Register_Test.RegisterWithAllDetailsProperly(java.lang.reflect.Method)</td></tr></table><p class="totop"><a href="#summary">back to summary</a></p>
<h3 id="m21">TestCase.Register_Test#RegisterWithAllDetailsProperly</h3><table class="result"><tr class="param"><th>Parameter #1</th></tr><tr class="param stripe"><td>void TestCase.Register_Test.RegisterWithAllDetailsProperly(java.lang.reflect.Method)</td></tr></table><p class="totop"><a href="#summary">back to summary</a></p>
<h3 id="m22">TestCase.Register_Test#RegisterWithExistEmail</h3><table class="result"><tr class="param"><th>Parameter #1</th></tr><tr class="param stripe"><td>void TestCase.Register_Test.RegisterWithExistEmail(java.lang.reflect.Method)</td></tr></table><p class="totop"><a href="#summary">back to summary</a></p>
<h3 id="m23">TestCase.Register_Test#RegisterWithoutClickingPrivacy</h3><table class="result"><tr class="param"><th>Parameter #1</th></tr><tr class="param stripe"><td>void TestCase.Register_Test.RegisterWithoutClickingPrivacy(java.lang.reflect.Method)</td></tr></table><p class="totop"><a href="#summary">back to summary</a></p>
</body>
</html>
