<?xml version="1.0" encoding="UTF-8"?>
<testng-results ignored="0" total="18" passed="15" failed="0" skipped="3">
  <reporter-output>
  </reporter-output>
  <suite started-at="2023-06-06T00:31:18 IST" name="Suite" finished-at="2023-06-06T00:32:56 IST" duration-ms="97586">
    <groups>
    </groups>
    <test started-at="2023-06-06T00:31:18 IST" name="Test" finished-at="2023-06-06T00:32:56 IST" duration-ms="97586">
      <class name="TestCase.Login_Test">
        <test-method is-config="true" signature="setUp()[pri:0, instance:TestCase.Login_Test@245b4bdc]" started-at="2023-06-06T00:31:59 IST" name="setUp" finished-at="2023-06-06T00:32:03 IST" duration-ms="4033" status="PASS">
          <reporter-output>
          </reporter-output>
        </test-method> <!-- setUp -->
        <test-method signature="verifyLoginWithValidCredential(java.lang.String,java.lang.String,java.lang.reflect.Method)[pri:1, instance:TestCase.Login_Test@245b4bdc]" started-at="2023-06-06T00:32:03 IST" name="verifyLoginWithValidCredential" data-provider="dataExtraction" finished-at="2023-06-06T00:32:04 IST" duration-ms="674" status="PASS">
          <params>
            <param index="0">
              <value>
                <![CDATA[muruSunJun04004308IST2023@gmail.com]]>
              </value>
            </param>
            <param index="1">
              <value>
                <![CDATA[Mmuru@2004]]>
              </value>
            </param>
            <param index="2">
              <value>
                <![CDATA[void TestCase.Login_Test.verifyLoginWithValidCredential(java.lang.String,java.lang.String,java.lang.reflect.Method)]]>
              </value>
            </param>
          </params>
          <reporter-output>
          </reporter-output>
        </test-method> <!-- verifyLoginWithValidCredential -->
        <test-method is-config="true" signature="tearDown()[pri:0, instance:TestCase.Login_Test@245b4bdc]" started-at="2023-06-06T00:32:04 IST" name="tearDown" finished-at="2023-06-06T00:32:04 IST" duration-ms="639" status="PASS">
          <reporter-output>
          </reporter-output>
        </test-method> <!-- tearDown -->
        <test-method is-config="true" signature="setUp()[pri:0, instance:TestCase.Login_Test@245b4bdc]" started-at="2023-06-06T00:32:04 IST" name="setUp" finished-at="2023-06-06T00:32:08 IST" duration-ms="3871" status="PASS">
          <reporter-output>
          </reporter-output>
        </test-method> <!-- setUp -->
        <test-method signature="verifyLoginWithValidCredential(java.lang.String,java.lang.String,java.lang.reflect.Method)[pri:1, instance:TestCase.Login_Test@245b4bdc]" started-at="2023-06-06T00:32:08 IST" name="verifyLoginWithValidCredential" data-provider="dataExtraction" finished-at="2023-06-06T00:32:09 IST" duration-ms="530" status="PASS">
          <params>
            <param index="0">
              <value>
                <![CDATA[muruSunJun04004316IST2023@gmail.com]]>
              </value>
            </param>
            <param index="1">
              <value>
                <![CDATA[Mmuru@2004]]>
              </value>
            </param>
            <param index="2">
              <value>
                <![CDATA[void TestCase.Login_Test.verifyLoginWithValidCredential(java.lang.String,java.lang.String,java.lang.reflect.Method)]]>
              </value>
            </param>
          </params>
          <reporter-output>
          </reporter-output>
        </test-method> <!-- verifyLoginWithValidCredential -->
        <test-method is-config="true" signature="tearDown()[pri:0, instance:TestCase.Login_Test@245b4bdc]" started-at="2023-06-06T00:32:09 IST" name="tearDown" finished-at="2023-06-06T00:32:09 IST" duration-ms="624" status="PASS">
          <reporter-output>
          </reporter-output>
        </test-method> <!-- tearDown -->
        <test-method is-config="true" signature="setUp()[pri:0, instance:TestCase.Login_Test@245b4bdc]" started-at="2023-06-06T00:32:09 IST" name="setUp" finished-at="2023-06-06T00:32:14 IST" duration-ms="4448" status="PASS">
          <reporter-output>
          </reporter-output>
        </test-method> <!-- setUp -->
        <test-method signature="verifyLoginWithValidCredential(java.lang.String,java.lang.String,java.lang.reflect.Method)[pri:1, instance:TestCase.Login_Test@245b4bdc]" started-at="2023-06-06T00:32:14 IST" name="verifyLoginWithValidCredential" data-provider="dataExtraction" finished-at="2023-06-06T00:32:14 IST" duration-ms="545" status="PASS">
          <params>
            <param index="0">
              <value>
                <![CDATA[muruSunJun04004323IST2023@gmail.com]]>
              </value>
            </param>
            <param index="1">
              <value>
                <![CDATA[Mmuru@2004]]>
              </value>
            </param>
            <param index="2">
              <value>
                <![CDATA[void TestCase.Login_Test.verifyLoginWithValidCredential(java.lang.String,java.lang.String,java.lang.reflect.Method)]]>
              </value>
            </param>
          </params>
          <reporter-output>
          </reporter-output>
        </test-method> <!-- verifyLoginWithValidCredential -->
        <test-method is-config="true" signature="tearDown()[pri:0, instance:TestCase.Login_Test@245b4bdc]" started-at="2023-06-06T00:32:14 IST" name="tearDown" finished-at="2023-06-06T00:32:15 IST" duration-ms="618" status="PASS">
          <reporter-output>
          </reporter-output>
        </test-method> <!-- tearDown -->
        <test-method is-config="true" signature="setUp()[pri:0, instance:TestCase.Login_Test@245b4bdc]" started-at="2023-06-06T00:32:15 IST" name="setUp" finished-at="2023-06-06T00:32:19 IST" duration-ms="4453" status="PASS">
          <reporter-output>
          </reporter-output>
        </test-method> <!-- setUp -->
        <test-method signature="verifyLoginWithValidCredential(java.lang.String,java.lang.String,java.lang.reflect.Method)[pri:1, instance:TestCase.Login_Test@245b4bdc]" started-at="2023-06-06T00:32:19 IST" name="verifyLoginWithValidCredential" data-provider="dataExtraction" finished-at="2023-06-06T00:32:20 IST" duration-ms="589" status="PASS">
          <params>
            <param index="0">
              <value>
                <![CDATA[muruSunJun04004330IST2023@gmail.com]]>
              </value>
            </param>
            <param index="1">
              <value>
                <![CDATA[Mmuru@2004]]>
              </value>
            </param>
            <param index="2">
              <value>
                <![CDATA[void TestCase.Login_Test.verifyLoginWithValidCredential(java.lang.String,java.lang.String,java.lang.reflect.Method)]]>
              </value>
            </param>
          </params>
          <reporter-output>
          </reporter-output>
        </test-method> <!-- verifyLoginWithValidCredential -->
        <test-method is-config="true" signature="tearDown()[pri:0, instance:TestCase.Login_Test@245b4bdc]" started-at="2023-06-06T00:32:20 IST" name="tearDown" finished-at="2023-06-06T00:32:21 IST" duration-ms="628" status="PASS">
          <reporter-output>
          </reporter-output>
        </test-method> <!-- tearDown -->
        <test-method is-config="true" signature="setUp()[pri:0, instance:TestCase.Login_Test@245b4bdc]" started-at="2023-06-06T00:32:21 IST" name="setUp" finished-at="2023-06-06T00:32:24 IST" duration-ms="3687" status="PASS">
          <reporter-output>
          </reporter-output>
        </test-method> <!-- setUp -->
        <test-method signature="verifyLoginWithValidCredential(java.lang.String,java.lang.String,java.lang.reflect.Method)[pri:1, instance:TestCase.Login_Test@245b4bdc]" started-at="2023-06-06T00:32:24 IST" name="verifyLoginWithValidCredential" data-provider="dataExtraction" finished-at="2023-06-06T00:32:25 IST" duration-ms="500" status="PASS">
          <params>
            <param index="0">
              <value>
                <![CDATA[muruSunJun04004336IST2023@gmail.com]]>
              </value>
            </param>
            <param index="1">
              <value>
                <![CDATA[Mmuru@2004]]>
              </value>
            </param>
            <param index="2">
              <value>
                <![CDATA[void TestCase.Login_Test.verifyLoginWithValidCredential(java.lang.String,java.lang.String,java.lang.reflect.Method)]]>
              </value>
            </param>
          </params>
          <reporter-output>
          </reporter-output>
        </test-method> <!-- verifyLoginWithValidCredential -->
        <test-method is-config="true" signature="tearDown()[pri:0, instance:TestCase.Login_Test@245b4bdc]" started-at="2023-06-06T00:32:25 IST" name="tearDown" finished-at="2023-06-06T00:32:25 IST" duration-ms="620" status="PASS">
          <reporter-output>
          </reporter-output>
        </test-method> <!-- tearDown -->
        <test-method is-config="true" signature="setUp()[pri:0, instance:TestCase.Login_Test@245b4bdc]" started-at="2023-06-06T00:32:25 IST" name="setUp" finished-at="2023-06-06T00:32:30 IST" duration-ms="4185" status="PASS">
          <reporter-output>
          </reporter-output>
        </test-method> <!-- setUp -->
        <test-method signature="verifyLoginWithValidCredential(java.lang.String,java.lang.String,java.lang.reflect.Method)[pri:1, instance:TestCase.Login_Test@245b4bdc]" started-at="2023-06-06T00:32:30 IST" name="verifyLoginWithValidCredential" data-provider="dataExtraction" finished-at="2023-06-06T00:32:30 IST" duration-ms="663" status="PASS">
          <params>
            <param index="0">
              <value>
                <![CDATA[muruTueJun06003124IST2023@gmail.com]]>
              </value>
            </param>
            <param index="1">
              <value>
                <![CDATA[Mmuru@2004]]>
              </value>
            </param>
            <param index="2">
              <value>
                <![CDATA[void TestCase.Login_Test.verifyLoginWithValidCredential(java.lang.String,java.lang.String,java.lang.reflect.Method)]]>
              </value>
            </param>
          </params>
          <reporter-output>
          </reporter-output>
        </test-method> <!-- verifyLoginWithValidCredential -->
        <test-method is-config="true" signature="tearDown()[pri:0, instance:TestCase.Login_Test@245b4bdc]" started-at="2023-06-06T00:32:30 IST" name="tearDown" finished-at="2023-06-06T00:32:31 IST" duration-ms="621" status="PASS">
          <reporter-output>
          </reporter-output>
        </test-method> <!-- tearDown -->
        <test-method is-config="true" signature="setUp()[pri:0, instance:TestCase.Login_Test@245b4bdc]" started-at="2023-06-06T00:32:31 IST" name="setUp" finished-at="2023-06-06T00:32:35 IST" duration-ms="4492" status="PASS">
          <reporter-output>
          </reporter-output>
        </test-method> <!-- setUp -->
        <test-method signature="verifyLoginWithValidCredential(java.lang.String,java.lang.String,java.lang.reflect.Method)[pri:1, instance:TestCase.Login_Test@245b4bdc]" started-at="2023-06-06T00:32:35 IST" name="verifyLoginWithValidCredential" data-provider="dataExtraction" finished-at="2023-06-06T00:32:36 IST" duration-ms="657" status="PASS">
          <params>
            <param index="0">
              <value>
                <![CDATA[muruTueJun06003130IST2023@gmail.com]]>
              </value>
            </param>
            <param index="1">
              <value>
                <![CDATA[Mmuru@2004]]>
              </value>
            </param>
            <param index="2">
              <value>
                <![CDATA[void TestCase.Login_Test.verifyLoginWithValidCredential(java.lang.String,java.lang.String,java.lang.reflect.Method)]]>
              </value>
            </param>
          </params>
          <reporter-output>
          </reporter-output>
        </test-method> <!-- verifyLoginWithValidCredential -->
        <test-method is-config="true" signature="tearDown()[pri:0, instance:TestCase.Login_Test@245b4bdc]" started-at="2023-06-06T00:32:36 IST" name="tearDown" finished-at="2023-06-06T00:32:37 IST" duration-ms="617" status="PASS">
          <reporter-output>
          </reporter-output>
        </test-method> <!-- tearDown -->
        <test-method is-config="true" signature="setUp()[pri:0, instance:TestCase.Login_Test@245b4bdc]" started-at="2023-06-06T00:32:37 IST" name="setUp" finished-at="2023-06-06T00:32:41 IST" duration-ms="3919" status="PASS">
          <reporter-output>
          </reporter-output>
        </test-method> <!-- setUp -->
        <test-method signature="verifyLoginWithValidCredential(java.lang.String,java.lang.String,java.lang.reflect.Method)[pri:1, instance:TestCase.Login_Test@245b4bdc]" started-at="2023-06-06T00:32:41 IST" name="verifyLoginWithValidCredential" data-provider="dataExtraction" finished-at="2023-06-06T00:32:41 IST" duration-ms="632" status="PASS">
          <params>
            <param index="0">
              <value>
                <![CDATA[muruTueJun06003135IST2023@gmail.com]]>
              </value>
            </param>
            <param index="1">
              <value>
                <![CDATA[Mmuru@2004]]>
              </value>
            </param>
            <param index="2">
              <value>
                <![CDATA[void TestCase.Login_Test.verifyLoginWithValidCredential(java.lang.String,java.lang.String,java.lang.reflect.Method)]]>
              </value>
            </param>
          </params>
          <reporter-output>
          </reporter-output>
        </test-method> <!-- verifyLoginWithValidCredential -->
        <test-method is-config="true" signature="tearDown()[pri:0, instance:TestCase.Login_Test@245b4bdc]" started-at="2023-06-06T00:32:41 IST" name="tearDown" finished-at="2023-06-06T00:32:42 IST" duration-ms="619" status="PASS">
          <reporter-output>
          </reporter-output>
        </test-method> <!-- tearDown -->
        <test-method is-config="true" signature="setUp()[pri:0, instance:TestCase.Login_Test@245b4bdc]" started-at="2023-06-06T00:32:42 IST" name="setUp" finished-at="2023-06-06T00:32:56 IST" duration-ms="13702" status="FAIL">
          <exception class="org.openqa.selenium.TimeoutException">
            <message>
              <![CDATA[timeout: Timed out receiving message from renderer: 10.000
  (Session info: chrome=109.0.5414.141)
Build info: version: '4.8.3', revision: 'e5e76298c3'
System info: os.name: 'Windows 8.1', os.arch: 'amd64', os.version: '6.3', java.version: '17.0.7'
Driver info: org.openqa.selenium.chrome.ChromeDriver
Command: [4dc935af659312def80c0b5816acbd90, clickElement {id=f22f7f34-6ea4-4bff-8b4d-bd5502080b89}]
Capabilities {acceptInsecureCerts: false, browserName: chrome, browserVersion: 109.0.5414.141, chrome: {chromedriverVersion: 109.0.5414.74 (e7c5703604da..., userDataDir: C:\Users\VICKY\AppData\Loca...}, goog:chromeOptions: {debuggerAddress: localhost:61595}, networkConnectionEnabled: false, pageLoadStrategy: normal, platformName: WINDOWS, proxy: Proxy(), se:cdp: ws://localhost:61595/devtoo..., se:cdpVersion: 109.0.5414.141, setWindowRect: true, strictFileInteractability: false, timeouts: {implicit: 0, pageLoad: 300000, script: 30000}, unhandledPromptBehavior: dismiss and notify, webauthn:extension:credBlob: true, webauthn:extension:largeBlob: true, webauthn:virtualAuthenticators: true}
Element: [[ChromeDriver: chrome on WINDOWS (4dc935af659312def80c0b5816acbd90)] -> xpath: //a[text()='Login']]
Session ID: 4dc935af659312def80c0b5816acbd90]]>
            </message>
            <full-stacktrace>
              <![CDATA[org.openqa.selenium.TimeoutException: timeout: Timed out receiving message from renderer: 10.000
  (Session info: chrome=109.0.5414.141)
Build info: version: '4.8.3', revision: 'e5e76298c3'
System info: os.name: 'Windows 8.1', os.arch: 'amd64', os.version: '6.3', java.version: '17.0.7'
Driver info: org.openqa.selenium.chrome.ChromeDriver
Command: [4dc935af659312def80c0b5816acbd90, clickElement {id=f22f7f34-6ea4-4bff-8b4d-bd5502080b89}]
Capabilities {acceptInsecureCerts: false, browserName: chrome, browserVersion: 109.0.5414.141, chrome: {chromedriverVersion: 109.0.5414.74 (e7c5703604da..., userDataDir: C:\Users\VICKY\AppData\Loca...}, goog:chromeOptions: {debuggerAddress: localhost:61595}, networkConnectionEnabled: false, pageLoadStrategy: normal, platformName: WINDOWS, proxy: Proxy(), se:cdp: ws://localhost:61595/devtoo..., se:cdpVersion: 109.0.5414.141, setWindowRect: true, strictFileInteractability: false, timeouts: {implicit: 0, pageLoad: 300000, script: 30000}, unhandledPromptBehavior: dismiss and notify, webauthn:extension:credBlob: true, webauthn:extension:largeBlob: true, webauthn:virtualAuthenticators: true}
Element: [[ChromeDriver: chrome on WINDOWS (4dc935af659312def80c0b5816acbd90)] -> xpath: //a[text()='Login']]
Session ID: 4dc935af659312def80c0b5816acbd90
at java.base/jdk.internal.reflect.NativeConstructorAccessorImpl.newInstance0(Native Method)
at java.base/jdk.internal.reflect.NativeConstructorAccessorImpl.newInstance(NativeConstructorAccessorImpl.java:77)
at java.base/jdk.internal.reflect.DelegatingConstructorAccessorImpl.newInstance(DelegatingConstructorAccessorImpl.java:45)
at java.base/java.lang.reflect.Constructor.newInstanceWithCaller(Constructor.java:499)
at java.base/java.lang.reflect.Constructor.newInstance(Constructor.java:480)
at org.openqa.selenium.remote.codec.w3c.W3CHttpResponseCodec.createException(W3CHttpResponseCodec.java:200)
at org.openqa.selenium.remote.codec.w3c.W3CHttpResponseCodec.decode(W3CHttpResponseCodec.java:133)
at org.openqa.selenium.remote.codec.w3c.W3CHttpResponseCodec.decode(W3CHttpResponseCodec.java:53)
at org.openqa.selenium.remote.HttpCommandExecutor.execute(HttpCommandExecutor.java:193)
at org.openqa.selenium.remote.service.DriverCommandExecutor.invokeExecute(DriverCommandExecutor.java:183)
at org.openqa.selenium.remote.service.DriverCommandExecutor.execute(DriverCommandExecutor.java:158)
at org.openqa.selenium.remote.RemoteWebDriver.execute(RemoteWebDriver.java:543)
at org.openqa.selenium.remote.RemoteWebElement.execute(RemoteWebElement.java:257)
at org.openqa.selenium.remote.RemoteWebElement.click(RemoteWebElement.java:78)
at jdk.internal.reflect.GeneratedMethodAccessor1.invoke(Unknown Source)
at java.base/jdk.internal.reflect.DelegatingMethodAccessorImpl.invoke(DelegatingMethodAccessorImpl.java:43)
at java.base/java.lang.reflect.Method.invoke(Method.java:568)
at org.openqa.selenium.support.pagefactory.internal.LocatingElementHandler.invoke(LocatingElementHandler.java:52)
at jdk.proxy2/jdk.proxy2.$Proxy18.click(Unknown Source)
at POM.HomePage.clickOnLogin(HomePage.java:31)
at TestCase.Login_Test.setUp(Login_Test.java:27)
at java.base/jdk.internal.reflect.NativeMethodAccessorImpl.invoke0(Native Method)
at java.base/jdk.internal.reflect.NativeMethodAccessorImpl.invoke(NativeMethodAccessorImpl.java:77)
at java.base/jdk.internal.reflect.DelegatingMethodAccessorImpl.invoke(DelegatingMethodAccessorImpl.java:43)
at java.base/java.lang.reflect.Method.invoke(Method.java:568)
at org.testng.internal.MethodInvocationHelper.invokeMethod(MethodInvocationHelper.java:133)
at org.testng.internal.MethodInvocationHelper.invokeMethodConsideringTimeout(MethodInvocationHelper.java:62)
at org.testng.internal.ConfigInvoker.invokeConfigurationMethod(ConfigInvoker.java:385)
at org.testng.internal.ConfigInvoker.invokeConfigurations(ConfigInvoker.java:321)
at org.testng.internal.TestInvoker.runConfigMethods(TestInvoker.java:700)
at org.testng.internal.TestInvoker.invokeMethod(TestInvoker.java:527)
at org.testng.internal.TestInvoker.invokeTestMethod(TestInvoker.java:173)
at org.testng.internal.MethodRunner.runInSequence(MethodRunner.java:46)
at org.testng.internal.TestInvoker$MethodInvocationAgent.invoke(TestInvoker.java:824)
at org.testng.internal.TestInvoker.invokeTestMethods(TestInvoker.java:146)
at org.testng.internal.TestMethodWorker.invokeTestMethods(TestMethodWorker.java:146)
at org.testng.internal.TestMethodWorker.run(TestMethodWorker.java:128)
at java.base/java.util.ArrayList.forEach(ArrayList.java:1511)
at org.testng.TestRunner.privateRun(TestRunner.java:794)
at org.testng.TestRunner.run(TestRunner.java:596)
at org.testng.SuiteRunner.runTest(SuiteRunner.java:377)
at org.testng.SuiteRunner.runSequentially(SuiteRunner.java:371)
at org.testng.SuiteRunner.privateRun(SuiteRunner.java:332)
at org.testng.SuiteRunner.run(SuiteRunner.java:276)
at org.testng.SuiteRunnerWorker.runSuite(SuiteRunnerWorker.java:53)
at org.testng.SuiteRunnerWorker.run(SuiteRunnerWorker.java:96)
at org.testng.TestNG.runSuitesSequentially(TestNG.java:1212)
at org.testng.TestNG.runSuitesLocally(TestNG.java:1134)
at org.testng.TestNG.runSuites(TestNG.java:1063)
at org.testng.TestNG.run(TestNG.java:1031)
at org.testng.remote.AbstractRemoteTestNG.run(AbstractRemoteTestNG.java:115)
at org.testng.remote.RemoteTestNG.initAndRun(RemoteTestNG.java:251)
at org.testng.remote.RemoteTestNG.main(RemoteTestNG.java:77)
]]>
            </full-stacktrace>
          </exception> <!-- org.openqa.selenium.TimeoutException -->
          <reporter-output>
          </reporter-output>
        </test-method> <!-- setUp -->
        <test-method signature="verifyLoginWithValidCredential(java.lang.String,java.lang.String,java.lang.reflect.Method)[pri:1, instance:TestCase.Login_Test@245b4bdc]" started-at="2023-06-06T00:32:56 IST" name="verifyLoginWithValidCredential" data-provider="dataExtraction" finished-at="2023-06-06T00:32:56 IST" duration-ms="0" status="SKIP">
          <params>
            <param index="0">
              <value>
                <![CDATA[muruTueJun06003141IST2023@gmail.com]]>
              </value>
            </param>
            <param index="1">
              <value>
                <![CDATA[Mmuru@2004]]>
              </value>
            </param>
            <param index="2">
              <value>
                <![CDATA[void TestCase.Login_Test.verifyLoginWithValidCredential(java.lang.String,java.lang.String,java.lang.reflect.Method)]]>
              </value>
            </param>
          </params>
          <exception class="org.openqa.selenium.TimeoutException">
            <message>
              <![CDATA[timeout: Timed out receiving message from renderer: 10.000
  (Session info: chrome=109.0.5414.141)
Build info: version: '4.8.3', revision: 'e5e76298c3'
System info: os.name: 'Windows 8.1', os.arch: 'amd64', os.version: '6.3', java.version: '17.0.7'
Driver info: org.openqa.selenium.chrome.ChromeDriver
Command: [4dc935af659312def80c0b5816acbd90, clickElement {id=f22f7f34-6ea4-4bff-8b4d-bd5502080b89}]
Capabilities {acceptInsecureCerts: false, browserName: chrome, browserVersion: 109.0.5414.141, chrome: {chromedriverVersion: 109.0.5414.74 (e7c5703604da..., userDataDir: C:\Users\VICKY\AppData\Loca...}, goog:chromeOptions: {debuggerAddress: localhost:61595}, networkConnectionEnabled: false, pageLoadStrategy: normal, platformName: WINDOWS, proxy: Proxy(), se:cdp: ws://localhost:61595/devtoo..., se:cdpVersion: 109.0.5414.141, setWindowRect: true, strictFileInteractability: false, timeouts: {implicit: 0, pageLoad: 300000, script: 30000}, unhandledPromptBehavior: dismiss and notify, webauthn:extension:credBlob: true, webauthn:extension:largeBlob: true, webauthn:virtualAuthenticators: true}
Element: [[ChromeDriver: chrome on WINDOWS (4dc935af659312def80c0b5816acbd90)] -> xpath: //a[text()='Login']]
Session ID: 4dc935af659312def80c0b5816acbd90]]>
            </message>
            <full-stacktrace>
              <![CDATA[org.openqa.selenium.TimeoutException: timeout: Timed out receiving message from renderer: 10.000
  (Session info: chrome=109.0.5414.141)
Build info: version: '4.8.3', revision: 'e5e76298c3'
System info: os.name: 'Windows 8.1', os.arch: 'amd64', os.version: '6.3', java.version: '17.0.7'
Driver info: org.openqa.selenium.chrome.ChromeDriver
Command: [4dc935af659312def80c0b5816acbd90, clickElement {id=f22f7f34-6ea4-4bff-8b4d-bd5502080b89}]
Capabilities {acceptInsecureCerts: false, browserName: chrome, browserVersion: 109.0.5414.141, chrome: {chromedriverVersion: 109.0.5414.74 (e7c5703604da..., userDataDir: C:\Users\VICKY\AppData\Loca...}, goog:chromeOptions: {debuggerAddress: localhost:61595}, networkConnectionEnabled: false, pageLoadStrategy: normal, platformName: WINDOWS, proxy: Proxy(), se:cdp: ws://localhost:61595/devtoo..., se:cdpVersion: 109.0.5414.141, setWindowRect: true, strictFileInteractability: false, timeouts: {implicit: 0, pageLoad: 300000, script: 30000}, unhandledPromptBehavior: dismiss and notify, webauthn:extension:credBlob: true, webauthn:extension:largeBlob: true, webauthn:virtualAuthenticators: true}
Element: [[ChromeDriver: chrome on WINDOWS (4dc935af659312def80c0b5816acbd90)] -> xpath: //a[text()='Login']]
Session ID: 4dc935af659312def80c0b5816acbd90
at java.base/jdk.internal.reflect.NativeConstructorAccessorImpl.newInstance0(Native Method)
at java.base/jdk.internal.reflect.NativeConstructorAccessorImpl.newInstance(NativeConstructorAccessorImpl.java:77)
at java.base/jdk.internal.reflect.DelegatingConstructorAccessorImpl.newInstance(DelegatingConstructorAccessorImpl.java:45)
at java.base/java.lang.reflect.Constructor.newInstanceWithCaller(Constructor.java:499)
at java.base/java.lang.reflect.Constructor.newInstance(Constructor.java:480)
at org.openqa.selenium.remote.codec.w3c.W3CHttpResponseCodec.createException(W3CHttpResponseCodec.java:200)
at org.openqa.selenium.remote.codec.w3c.W3CHttpResponseCodec.decode(W3CHttpResponseCodec.java:133)
at org.openqa.selenium.remote.codec.w3c.W3CHttpResponseCodec.decode(W3CHttpResponseCodec.java:53)
at org.openqa.selenium.remote.HttpCommandExecutor.execute(HttpCommandExecutor.java:193)
at org.openqa.selenium.remote.service.DriverCommandExecutor.invokeExecute(DriverCommandExecutor.java:183)
at org.openqa.selenium.remote.service.DriverCommandExecutor.execute(DriverCommandExecutor.java:158)
at org.openqa.selenium.remote.RemoteWebDriver.execute(RemoteWebDriver.java:543)
at org.openqa.selenium.remote.RemoteWebElement.execute(RemoteWebElement.java:257)
at org.openqa.selenium.remote.RemoteWebElement.click(RemoteWebElement.java:78)
at jdk.internal.reflect.GeneratedMethodAccessor1.invoke(Unknown Source)
at java.base/jdk.internal.reflect.DelegatingMethodAccessorImpl.invoke(DelegatingMethodAccessorImpl.java:43)
at java.base/java.lang.reflect.Method.invoke(Method.java:568)
at org.openqa.selenium.support.pagefactory.internal.LocatingElementHandler.invoke(LocatingElementHandler.java:52)
at jdk.proxy2/jdk.proxy2.$Proxy18.click(Unknown Source)
at POM.HomePage.clickOnLogin(HomePage.java:31)
at TestCase.Login_Test.setUp(Login_Test.java:27)
at java.base/jdk.internal.reflect.NativeMethodAccessorImpl.invoke0(Native Method)
at java.base/jdk.internal.reflect.NativeMethodAccessorImpl.invoke(NativeMethodAccessorImpl.java:77)
at java.base/jdk.internal.reflect.DelegatingMethodAccessorImpl.invoke(DelegatingMethodAccessorImpl.java:43)
at java.base/java.lang.reflect.Method.invoke(Method.java:568)
at org.testng.internal.MethodInvocationHelper.invokeMethod(MethodInvocationHelper.java:133)
at org.testng.internal.MethodInvocationHelper.invokeMethodConsideringTimeout(MethodInvocationHelper.java:62)
at org.testng.internal.ConfigInvoker.invokeConfigurationMethod(ConfigInvoker.java:385)
at org.testng.internal.ConfigInvoker.invokeConfigurations(ConfigInvoker.java:321)
at org.testng.internal.TestInvoker.runConfigMethods(TestInvoker.java:700)
at org.testng.internal.TestInvoker.invokeMethod(TestInvoker.java:527)
at org.testng.internal.TestInvoker.invokeTestMethod(TestInvoker.java:173)
at org.testng.internal.MethodRunner.runInSequence(MethodRunner.java:46)
at org.testng.internal.TestInvoker$MethodInvocationAgent.invoke(TestInvoker.java:824)
at org.testng.internal.TestInvoker.invokeTestMethods(TestInvoker.java:146)
at org.testng.internal.TestMethodWorker.invokeTestMethods(TestMethodWorker.java:146)
at org.testng.internal.TestMethodWorker.run(TestMethodWorker.java:128)
at java.base/java.util.ArrayList.forEach(ArrayList.java:1511)
at org.testng.TestRunner.privateRun(TestRunner.java:794)
at org.testng.TestRunner.run(TestRunner.java:596)
at org.testng.SuiteRunner.runTest(SuiteRunner.java:377)
at org.testng.SuiteRunner.runSequentially(SuiteRunner.java:371)
at org.testng.SuiteRunner.privateRun(SuiteRunner.java:332)
at org.testng.SuiteRunner.run(SuiteRunner.java:276)
at org.testng.SuiteRunnerWorker.runSuite(SuiteRunnerWorker.java:53)
at org.testng.SuiteRunnerWorker.run(SuiteRunnerWorker.java:96)
at org.testng.TestNG.runSuitesSequentially(TestNG.java:1212)
at org.testng.TestNG.runSuitesLocally(TestNG.java:1134)
at org.testng.TestNG.runSuites(TestNG.java:1063)
at org.testng.TestNG.run(TestNG.java:1031)
at org.testng.remote.AbstractRemoteTestNG.run(AbstractRemoteTestNG.java:115)
at org.testng.remote.RemoteTestNG.initAndRun(RemoteTestNG.java:251)
at org.testng.remote.RemoteTestNG.main(RemoteTestNG.java:77)
]]>
            </full-stacktrace>
          </exception> <!-- org.openqa.selenium.TimeoutException -->
          <reporter-output>
          </reporter-output>
        </test-method> <!-- verifyLoginWithValidCredential -->
        <test-method is-config="true" signature="tearDown()[pri:0, instance:TestCase.Login_Test@245b4bdc]" started-at="2023-06-06T00:32:56 IST" name="tearDown" finished-at="1970-01-01T05:30:00 IST" duration-ms="-1685991776041" status="SKIP">
          <reporter-output>
          </reporter-output>
        </test-method> <!-- tearDown -->
        <test-method is-config="true" signature="setUp()[pri:0, instance:TestCase.Login_Test@245b4bdc]" started-at="2023-06-06T00:32:56 IST" name="setUp" finished-at="1970-01-01T05:30:00 IST" duration-ms="-1685991776043" status="SKIP">
          <reporter-output>
          </reporter-output>
        </test-method> <!-- setUp -->
        <test-method signature="verifyLoginWithInvalidCredential(java.lang.reflect.Method)[pri:2, instance:TestCase.Login_Test@245b4bdc]" started-at="2023-06-06T00:32:56 IST" name="verifyLoginWithInvalidCredential" finished-at="2023-06-06T00:32:56 IST" duration-ms="0" status="SKIP">
          <params>
            <param index="0">
              <value>
                <![CDATA[void TestCase.Login_Test.verifyLoginWithInvalidCredential(java.lang.reflect.Method)]]>
              </value>
            </param>
          </params>
          <exception class="org.openqa.selenium.TimeoutException">
            <message>
              <![CDATA[timeout: Timed out receiving message from renderer: 10.000
  (Session info: chrome=109.0.5414.141)
Build info: version: '4.8.3', revision: 'e5e76298c3'
System info: os.name: 'Windows 8.1', os.arch: 'amd64', os.version: '6.3', java.version: '17.0.7'
Driver info: org.openqa.selenium.chrome.ChromeDriver
Command: [4dc935af659312def80c0b5816acbd90, clickElement {id=f22f7f34-6ea4-4bff-8b4d-bd5502080b89}]
Capabilities {acceptInsecureCerts: false, browserName: chrome, browserVersion: 109.0.5414.141, chrome: {chromedriverVersion: 109.0.5414.74 (e7c5703604da..., userDataDir: C:\Users\VICKY\AppData\Loca...}, goog:chromeOptions: {debuggerAddress: localhost:61595}, networkConnectionEnabled: false, pageLoadStrategy: normal, platformName: WINDOWS, proxy: Proxy(), se:cdp: ws://localhost:61595/devtoo..., se:cdpVersion: 109.0.5414.141, setWindowRect: true, strictFileInteractability: false, timeouts: {implicit: 0, pageLoad: 300000, script: 30000}, unhandledPromptBehavior: dismiss and notify, webauthn:extension:credBlob: true, webauthn:extension:largeBlob: true, webauthn:virtualAuthenticators: true}
Element: [[ChromeDriver: chrome on WINDOWS (4dc935af659312def80c0b5816acbd90)] -> xpath: //a[text()='Login']]
Session ID: 4dc935af659312def80c0b5816acbd90]]>
            </message>
            <full-stacktrace>
              <![CDATA[org.openqa.selenium.TimeoutException: timeout: Timed out receiving message from renderer: 10.000
  (Session info: chrome=109.0.5414.141)
Build info: version: '4.8.3', revision: 'e5e76298c3'
System info: os.name: 'Windows 8.1', os.arch: 'amd64', os.version: '6.3', java.version: '17.0.7'
Driver info: org.openqa.selenium.chrome.ChromeDriver
Command: [4dc935af659312def80c0b5816acbd90, clickElement {id=f22f7f34-6ea4-4bff-8b4d-bd5502080b89}]
Capabilities {acceptInsecureCerts: false, browserName: chrome, browserVersion: 109.0.5414.141, chrome: {chromedriverVersion: 109.0.5414.74 (e7c5703604da..., userDataDir: C:\Users\VICKY\AppData\Loca...}, goog:chromeOptions: {debuggerAddress: localhost:61595}, networkConnectionEnabled: false, pageLoadStrategy: normal, platformName: WINDOWS, proxy: Proxy(), se:cdp: ws://localhost:61595/devtoo..., se:cdpVersion: 109.0.5414.141, setWindowRect: true, strictFileInteractability: false, timeouts: {implicit: 0, pageLoad: 300000, script: 30000}, unhandledPromptBehavior: dismiss and notify, webauthn:extension:credBlob: true, webauthn:extension:largeBlob: true, webauthn:virtualAuthenticators: true}
Element: [[ChromeDriver: chrome on WINDOWS (4dc935af659312def80c0b5816acbd90)] -> xpath: //a[text()='Login']]
Session ID: 4dc935af659312def80c0b5816acbd90
at java.base/jdk.internal.reflect.NativeConstructorAccessorImpl.newInstance0(Native Method)
at java.base/jdk.internal.reflect.NativeConstructorAccessorImpl.newInstance(NativeConstructorAccessorImpl.java:77)
at java.base/jdk.internal.reflect.DelegatingConstructorAccessorImpl.newInstance(DelegatingConstructorAccessorImpl.java:45)
at java.base/java.lang.reflect.Constructor.newInstanceWithCaller(Constructor.java:499)
at java.base/java.lang.reflect.Constructor.newInstance(Constructor.java:480)
at org.openqa.selenium.remote.codec.w3c.W3CHttpResponseCodec.createException(W3CHttpResponseCodec.java:200)
at org.openqa.selenium.remote.codec.w3c.W3CHttpResponseCodec.decode(W3CHttpResponseCodec.java:133)
at org.openqa.selenium.remote.codec.w3c.W3CHttpResponseCodec.decode(W3CHttpResponseCodec.java:53)
at org.openqa.selenium.remote.HttpCommandExecutor.execute(HttpCommandExecutor.java:193)
at org.openqa.selenium.remote.service.DriverCommandExecutor.invokeExecute(DriverCommandExecutor.java:183)
at org.openqa.selenium.remote.service.DriverCommandExecutor.execute(DriverCommandExecutor.java:158)
at org.openqa.selenium.remote.RemoteWebDriver.execute(RemoteWebDriver.java:543)
at org.openqa.selenium.remote.RemoteWebElement.execute(RemoteWebElement.java:257)
at org.openqa.selenium.remote.RemoteWebElement.click(RemoteWebElement.java:78)
at jdk.internal.reflect.GeneratedMethodAccessor1.invoke(Unknown Source)
at java.base/jdk.internal.reflect.DelegatingMethodAccessorImpl.invoke(DelegatingMethodAccessorImpl.java:43)
at java.base/java.lang.reflect.Method.invoke(Method.java:568)
at org.openqa.selenium.support.pagefactory.internal.LocatingElementHandler.invoke(LocatingElementHandler.java:52)
at jdk.proxy2/jdk.proxy2.$Proxy18.click(Unknown Source)
at POM.HomePage.clickOnLogin(HomePage.java:31)
at TestCase.Login_Test.setUp(Login_Test.java:27)
at java.base/jdk.internal.reflect.NativeMethodAccessorImpl.invoke0(Native Method)
at java.base/jdk.internal.reflect.NativeMethodAccessorImpl.invoke(NativeMethodAccessorImpl.java:77)
at java.base/jdk.internal.reflect.DelegatingMethodAccessorImpl.invoke(DelegatingMethodAccessorImpl.java:43)
at java.base/java.lang.reflect.Method.invoke(Method.java:568)
at org.testng.internal.MethodInvocationHelper.invokeMethod(MethodInvocationHelper.java:133)
at org.testng.internal.MethodInvocationHelper.invokeMethodConsideringTimeout(MethodInvocationHelper.java:62)
at org.testng.internal.ConfigInvoker.invokeConfigurationMethod(ConfigInvoker.java:385)
at org.testng.internal.ConfigInvoker.invokeConfigurations(ConfigInvoker.java:321)
at org.testng.internal.TestInvoker.runConfigMethods(TestInvoker.java:700)
at org.testng.internal.TestInvoker.invokeMethod(TestInvoker.java:527)
at org.testng.internal.TestInvoker.invokeTestMethod(TestInvoker.java:173)
at org.testng.internal.MethodRunner.runInSequence(MethodRunner.java:46)
at org.testng.internal.TestInvoker$MethodInvocationAgent.invoke(TestInvoker.java:824)
at org.testng.internal.TestInvoker.invokeTestMethods(TestInvoker.java:146)
at org.testng.internal.TestMethodWorker.invokeTestMethods(TestMethodWorker.java:146)
at org.testng.internal.TestMethodWorker.run(TestMethodWorker.java:128)
at java.base/java.util.ArrayList.forEach(ArrayList.java:1511)
at org.testng.TestRunner.privateRun(TestRunner.java:794)
at org.testng.TestRunner.run(TestRunner.java:596)
at org.testng.SuiteRunner.runTest(SuiteRunner.java:377)
at org.testng.SuiteRunner.runSequentially(SuiteRunner.java:371)
at org.testng.SuiteRunner.privateRun(SuiteRunner.java:332)
at org.testng.SuiteRunner.run(SuiteRunner.java:276)
at org.testng.SuiteRunnerWorker.runSuite(SuiteRunnerWorker.java:53)
at org.testng.SuiteRunnerWorker.run(SuiteRunnerWorker.java:96)
at org.testng.TestNG.runSuitesSequentially(TestNG.java:1212)
at org.testng.TestNG.runSuitesLocally(TestNG.java:1134)
at org.testng.TestNG.runSuites(TestNG.java:1063)
at org.testng.TestNG.run(TestNG.java:1031)
at org.testng.remote.AbstractRemoteTestNG.run(AbstractRemoteTestNG.java:115)
at org.testng.remote.RemoteTestNG.initAndRun(RemoteTestNG.java:251)
at org.testng.remote.RemoteTestNG.main(RemoteTestNG.java:77)
]]>
            </full-stacktrace>
          </exception> <!-- org.openqa.selenium.TimeoutException -->
          <reporter-output>
          </reporter-output>
        </test-method> <!-- verifyLoginWithInvalidCredential -->
        <test-method is-config="true" signature="tearDown()[pri:0, instance:TestCase.Login_Test@245b4bdc]" started-at="2023-06-06T00:32:56 IST" name="tearDown" finished-at="1970-01-01T05:30:00 IST" duration-ms="-1685991776056" status="SKIP">
          <reporter-output>
          </reporter-output>
        </test-method> <!-- tearDown -->
        <test-method is-config="true" signature="setUp()[pri:0, instance:TestCase.Login_Test@245b4bdc]" started-at="2023-06-06T00:32:56 IST" name="setUp" finished-at="1970-01-01T05:30:00 IST" duration-ms="-1685991776058" status="SKIP">
          <reporter-output>
          </reporter-output>
        </test-method> <!-- setUp -->
        <test-method signature="verifyLoginWithoutCredential(java.lang.reflect.Method)[pri:3, instance:TestCase.Login_Test@245b4bdc]" started-at="2023-06-06T00:32:56 IST" name="verifyLoginWithoutCredential" finished-at="2023-06-06T00:32:56 IST" duration-ms="0" status="SKIP">
          <params>
            <param index="0">
              <value>
                <![CDATA[void TestCase.Login_Test.verifyLoginWithoutCredential(java.lang.reflect.Method)]]>
              </value>
            </param>
          </params>
          <exception class="org.openqa.selenium.TimeoutException">
            <message>
              <![CDATA[timeout: Timed out receiving message from renderer: 10.000
  (Session info: chrome=109.0.5414.141)
Build info: version: '4.8.3', revision: 'e5e76298c3'
System info: os.name: 'Windows 8.1', os.arch: 'amd64', os.version: '6.3', java.version: '17.0.7'
Driver info: org.openqa.selenium.chrome.ChromeDriver
Command: [4dc935af659312def80c0b5816acbd90, clickElement {id=f22f7f34-6ea4-4bff-8b4d-bd5502080b89}]
Capabilities {acceptInsecureCerts: false, browserName: chrome, browserVersion: 109.0.5414.141, chrome: {chromedriverVersion: 109.0.5414.74 (e7c5703604da..., userDataDir: C:\Users\VICKY\AppData\Loca...}, goog:chromeOptions: {debuggerAddress: localhost:61595}, networkConnectionEnabled: false, pageLoadStrategy: normal, platformName: WINDOWS, proxy: Proxy(), se:cdp: ws://localhost:61595/devtoo..., se:cdpVersion: 109.0.5414.141, setWindowRect: true, strictFileInteractability: false, timeouts: {implicit: 0, pageLoad: 300000, script: 30000}, unhandledPromptBehavior: dismiss and notify, webauthn:extension:credBlob: true, webauthn:extension:largeBlob: true, webauthn:virtualAuthenticators: true}
Element: [[ChromeDriver: chrome on WINDOWS (4dc935af659312def80c0b5816acbd90)] -> xpath: //a[text()='Login']]
Session ID: 4dc935af659312def80c0b5816acbd90]]>
            </message>
            <full-stacktrace>
              <![CDATA[org.openqa.selenium.TimeoutException: timeout: Timed out receiving message from renderer: 10.000
  (Session info: chrome=109.0.5414.141)
Build info: version: '4.8.3', revision: 'e5e76298c3'
System info: os.name: 'Windows 8.1', os.arch: 'amd64', os.version: '6.3', java.version: '17.0.7'
Driver info: org.openqa.selenium.chrome.ChromeDriver
Command: [4dc935af659312def80c0b5816acbd90, clickElement {id=f22f7f34-6ea4-4bff-8b4d-bd5502080b89}]
Capabilities {acceptInsecureCerts: false, browserName: chrome, browserVersion: 109.0.5414.141, chrome: {chromedriverVersion: 109.0.5414.74 (e7c5703604da..., userDataDir: C:\Users\VICKY\AppData\Loca...}, goog:chromeOptions: {debuggerAddress: localhost:61595}, networkConnectionEnabled: false, pageLoadStrategy: normal, platformName: WINDOWS, proxy: Proxy(), se:cdp: ws://localhost:61595/devtoo..., se:cdpVersion: 109.0.5414.141, setWindowRect: true, strictFileInteractability: false, timeouts: {implicit: 0, pageLoad: 300000, script: 30000}, unhandledPromptBehavior: dismiss and notify, webauthn:extension:credBlob: true, webauthn:extension:largeBlob: true, webauthn:virtualAuthenticators: true}
Element: [[ChromeDriver: chrome on WINDOWS (4dc935af659312def80c0b5816acbd90)] -> xpath: //a[text()='Login']]
Session ID: 4dc935af659312def80c0b5816acbd90
at java.base/jdk.internal.reflect.NativeConstructorAccessorImpl.newInstance0(Native Method)
at java.base/jdk.internal.reflect.NativeConstructorAccessorImpl.newInstance(NativeConstructorAccessorImpl.java:77)
at java.base/jdk.internal.reflect.DelegatingConstructorAccessorImpl.newInstance(DelegatingConstructorAccessorImpl.java:45)
at java.base/java.lang.reflect.Constructor.newInstanceWithCaller(Constructor.java:499)
at java.base/java.lang.reflect.Constructor.newInstance(Constructor.java:480)
at org.openqa.selenium.remote.codec.w3c.W3CHttpResponseCodec.createException(W3CHttpResponseCodec.java:200)
at org.openqa.selenium.remote.codec.w3c.W3CHttpResponseCodec.decode(W3CHttpResponseCodec.java:133)
at org.openqa.selenium.remote.codec.w3c.W3CHttpResponseCodec.decode(W3CHttpResponseCodec.java:53)
at org.openqa.selenium.remote.HttpCommandExecutor.execute(HttpCommandExecutor.java:193)
at org.openqa.selenium.remote.service.DriverCommandExecutor.invokeExecute(DriverCommandExecutor.java:183)
at org.openqa.selenium.remote.service.DriverCommandExecutor.execute(DriverCommandExecutor.java:158)
at org.openqa.selenium.remote.RemoteWebDriver.execute(RemoteWebDriver.java:543)
at org.openqa.selenium.remote.RemoteWebElement.execute(RemoteWebElement.java:257)
at org.openqa.selenium.remote.RemoteWebElement.click(RemoteWebElement.java:78)
at jdk.internal.reflect.GeneratedMethodAccessor1.invoke(Unknown Source)
at java.base/jdk.internal.reflect.DelegatingMethodAccessorImpl.invoke(DelegatingMethodAccessorImpl.java:43)
at java.base/java.lang.reflect.Method.invoke(Method.java:568)
at org.openqa.selenium.support.pagefactory.internal.LocatingElementHandler.invoke(LocatingElementHandler.java:52)
at jdk.proxy2/jdk.proxy2.$Proxy18.click(Unknown Source)
at POM.HomePage.clickOnLogin(HomePage.java:31)
at TestCase.Login_Test.setUp(Login_Test.java:27)
at java.base/jdk.internal.reflect.NativeMethodAccessorImpl.invoke0(Native Method)
at java.base/jdk.internal.reflect.NativeMethodAccessorImpl.invoke(NativeMethodAccessorImpl.java:77)
at java.base/jdk.internal.reflect.DelegatingMethodAccessorImpl.invoke(DelegatingMethodAccessorImpl.java:43)
at java.base/java.lang.reflect.Method.invoke(Method.java:568)
at org.testng.internal.MethodInvocationHelper.invokeMethod(MethodInvocationHelper.java:133)
at org.testng.internal.MethodInvocationHelper.invokeMethodConsideringTimeout(MethodInvocationHelper.java:62)
at org.testng.internal.ConfigInvoker.invokeConfigurationMethod(ConfigInvoker.java:385)
at org.testng.internal.ConfigInvoker.invokeConfigurations(ConfigInvoker.java:321)
at org.testng.internal.TestInvoker.runConfigMethods(TestInvoker.java:700)
at org.testng.internal.TestInvoker.invokeMethod(TestInvoker.java:527)
at org.testng.internal.TestInvoker.invokeTestMethod(TestInvoker.java:173)
at org.testng.internal.MethodRunner.runInSequence(MethodRunner.java:46)
at org.testng.internal.TestInvoker$MethodInvocationAgent.invoke(TestInvoker.java:824)
at org.testng.internal.TestInvoker.invokeTestMethods(TestInvoker.java:146)
at org.testng.internal.TestMethodWorker.invokeTestMethods(TestMethodWorker.java:146)
at org.testng.internal.TestMethodWorker.run(TestMethodWorker.java:128)
at java.base/java.util.ArrayList.forEach(ArrayList.java:1511)
at org.testng.TestRunner.privateRun(TestRunner.java:794)
at org.testng.TestRunner.run(TestRunner.java:596)
at org.testng.SuiteRunner.runTest(SuiteRunner.java:377)
at org.testng.SuiteRunner.runSequentially(SuiteRunner.java:371)
at org.testng.SuiteRunner.privateRun(SuiteRunner.java:332)
at org.testng.SuiteRunner.run(SuiteRunner.java:276)
at org.testng.SuiteRunnerWorker.runSuite(SuiteRunnerWorker.java:53)
at org.testng.SuiteRunnerWorker.run(SuiteRunnerWorker.java:96)
at org.testng.TestNG.runSuitesSequentially(TestNG.java:1212)
at org.testng.TestNG.runSuitesLocally(TestNG.java:1134)
at org.testng.TestNG.runSuites(TestNG.java:1063)
at org.testng.TestNG.run(TestNG.java:1031)
at org.testng.remote.AbstractRemoteTestNG.run(AbstractRemoteTestNG.java:115)
at org.testng.remote.RemoteTestNG.initAndRun(RemoteTestNG.java:251)
at org.testng.remote.RemoteTestNG.main(RemoteTestNG.java:77)
]]>
            </full-stacktrace>
          </exception> <!-- org.openqa.selenium.TimeoutException -->
          <reporter-output>
          </reporter-output>
        </test-method> <!-- verifyLoginWithoutCredential -->
        <test-method is-config="true" signature="tearDown()[pri:0, instance:TestCase.Login_Test@245b4bdc]" started-at="2023-06-06T00:32:56 IST" name="tearDown" finished-at="1970-01-01T05:30:00 IST" duration-ms="-1685991776070" status="SKIP">
          <reporter-output>
          </reporter-output>
        </test-method> <!-- tearDown -->
      </class> <!-- TestCase.Login_Test -->
      <class name="TestCase.Register_Test">
        <test-method is-config="true" signature="setUp()[pri:0, instance:TestCase.Register_Test@7334aada]" started-at="2023-06-06T00:31:18 IST" name="setUp" finished-at="2023-06-06T00:31:24 IST" duration-ms="5666" status="PASS">
          <reporter-output>
          </reporter-output>
        </test-method> <!-- setUp -->
        <test-method signature="RegisterWithAllDetailsProperly(java.lang.reflect.Method)[pri:0, instance:TestCase.Register_Test@7334aada]" started-at="2023-06-06T00:31:24 IST" name="RegisterWithAllDetailsProperly" finished-at="2023-06-06T00:31:26 IST" duration-ms="1671" status="PASS">
          <params>
            <param index="0">
              <value>
                <![CDATA[void TestCase.Register_Test.RegisterWithAllDetailsProperly(java.lang.reflect.Method)]]>
              </value>
            </param>
          </params>
          <reporter-output>
          </reporter-output>
        </test-method> <!-- RegisterWithAllDetailsProperly -->
        <test-method is-config="true" signature="tearDown()[pri:0, instance:TestCase.Register_Test@7334aada]" started-at="2023-06-06T00:31:26 IST" name="tearDown" finished-at="2023-06-06T00:31:26 IST" duration-ms="714" status="PASS">
          <reporter-output>
          </reporter-output>
        </test-method> <!-- tearDown -->
        <test-method is-config="true" signature="setUp()[pri:0, instance:TestCase.Register_Test@7334aada]" started-at="2023-06-06T00:31:26 IST" name="setUp" finished-at="2023-06-06T00:31:30 IST" duration-ms="3633" status="PASS">
          <reporter-output>
          </reporter-output>
        </test-method> <!-- setUp -->
        <test-method signature="RegisterWithAllDetailsProperly(java.lang.reflect.Method)[pri:0, instance:TestCase.Register_Test@7334aada]" started-at="2023-06-06T00:31:30 IST" name="RegisterWithAllDetailsProperly" finished-at="2023-06-06T00:31:31 IST" duration-ms="956" status="PASS">
          <params>
            <param index="0">
              <value>
                <![CDATA[void TestCase.Register_Test.RegisterWithAllDetailsProperly(java.lang.reflect.Method)]]>
              </value>
            </param>
          </params>
          <reporter-output>
          </reporter-output>
        </test-method> <!-- RegisterWithAllDetailsProperly -->
        <test-method is-config="true" signature="tearDown()[pri:0, instance:TestCase.Register_Test@7334aada]" started-at="2023-06-06T00:31:31 IST" name="tearDown" finished-at="2023-06-06T00:31:32 IST" duration-ms="627" status="PASS">
          <reporter-output>
          </reporter-output>
        </test-method> <!-- tearDown -->
        <test-method is-config="true" signature="setUp()[pri:0, instance:TestCase.Register_Test@7334aada]" started-at="2023-06-06T00:31:32 IST" name="setUp" finished-at="2023-06-06T00:31:35 IST" duration-ms="3701" status="PASS">
          <reporter-output>
          </reporter-output>
        </test-method> <!-- setUp -->
        <test-method signature="RegisterWithAllDetailsProperly(java.lang.reflect.Method)[pri:0, instance:TestCase.Register_Test@7334aada]" started-at="2023-06-06T00:31:35 IST" name="RegisterWithAllDetailsProperly" finished-at="2023-06-06T00:31:36 IST" duration-ms="902" status="PASS">
          <params>
            <param index="0">
              <value>
                <![CDATA[void TestCase.Register_Test.RegisterWithAllDetailsProperly(java.lang.reflect.Method)]]>
              </value>
            </param>
          </params>
          <reporter-output>
          </reporter-output>
        </test-method> <!-- RegisterWithAllDetailsProperly -->
        <test-method is-config="true" signature="tearDown()[pri:0, instance:TestCase.Register_Test@7334aada]" started-at="2023-06-06T00:31:36 IST" name="tearDown" finished-at="2023-06-06T00:31:37 IST" duration-ms="619" status="PASS">
          <reporter-output>
          </reporter-output>
        </test-method> <!-- tearDown -->
        <test-method is-config="true" signature="setUp()[pri:0, instance:TestCase.Register_Test@7334aada]" started-at="2023-06-06T00:31:37 IST" name="setUp" finished-at="2023-06-06T00:31:41 IST" duration-ms="4009" status="PASS">
          <reporter-output>
          </reporter-output>
        </test-method> <!-- setUp -->
        <test-method signature="RegisterWithAllDetailsProperly(java.lang.reflect.Method)[pri:0, instance:TestCase.Register_Test@7334aada]" started-at="2023-06-06T00:31:41 IST" name="RegisterWithAllDetailsProperly" finished-at="2023-06-06T00:31:42 IST" duration-ms="881" status="PASS">
          <params>
            <param index="0">
              <value>
                <![CDATA[void TestCase.Register_Test.RegisterWithAllDetailsProperly(java.lang.reflect.Method)]]>
              </value>
            </param>
          </params>
          <reporter-output>
          </reporter-output>
        </test-method> <!-- RegisterWithAllDetailsProperly -->
        <test-method is-config="true" signature="tearDown()[pri:0, instance:TestCase.Register_Test@7334aada]" started-at="2023-06-06T00:31:42 IST" name="tearDown" finished-at="2023-06-06T00:31:42 IST" duration-ms="622" status="PASS">
          <reporter-output>
          </reporter-output>
        </test-method> <!-- tearDown -->
        <test-method is-config="true" signature="setUp()[pri:0, instance:TestCase.Register_Test@7334aada]" started-at="2023-06-06T00:31:42 IST" name="setUp" finished-at="2023-06-06T00:31:46 IST" duration-ms="3867" status="PASS">
          <reporter-output>
          </reporter-output>
        </test-method> <!-- setUp -->
        <test-method signature="RegisterWithAllDetailsProperly(java.lang.reflect.Method)[pri:0, instance:TestCase.Register_Test@7334aada]" started-at="2023-06-06T00:31:46 IST" name="RegisterWithAllDetailsProperly" finished-at="2023-06-06T00:31:47 IST" duration-ms="995" status="PASS">
          <params>
            <param index="0">
              <value>
                <![CDATA[void TestCase.Register_Test.RegisterWithAllDetailsProperly(java.lang.reflect.Method)]]>
              </value>
            </param>
          </params>
          <reporter-output>
          </reporter-output>
        </test-method> <!-- RegisterWithAllDetailsProperly -->
        <test-method is-config="true" signature="tearDown()[pri:0, instance:TestCase.Register_Test@7334aada]" started-at="2023-06-06T00:31:47 IST" name="tearDown" finished-at="2023-06-06T00:31:48 IST" duration-ms="621" status="PASS">
          <reporter-output>
          </reporter-output>
        </test-method> <!-- tearDown -->
        <test-method is-config="true" signature="setUp()[pri:0, instance:TestCase.Register_Test@7334aada]" started-at="2023-06-06T00:31:48 IST" name="setUp" finished-at="2023-06-06T00:31:52 IST" duration-ms="3872" status="PASS">
          <reporter-output>
          </reporter-output>
        </test-method> <!-- setUp -->
        <test-method signature="RegisterWithExistEmail(java.lang.reflect.Method)[pri:0, instance:TestCase.Register_Test@7334aada]" started-at="2023-06-06T00:31:52 IST" name="RegisterWithExistEmail" finished-at="2023-06-06T00:31:53 IST" duration-ms="887" status="PASS">
          <params>
            <param index="0">
              <value>
                <![CDATA[void TestCase.Register_Test.RegisterWithExistEmail(java.lang.reflect.Method)]]>
              </value>
            </param>
          </params>
          <reporter-output>
          </reporter-output>
        </test-method> <!-- RegisterWithExistEmail -->
        <test-method is-config="true" signature="tearDown()[pri:0, instance:TestCase.Register_Test@7334aada]" started-at="2023-06-06T00:31:53 IST" name="tearDown" finished-at="2023-06-06T00:31:53 IST" duration-ms="612" status="PASS">
          <reporter-output>
          </reporter-output>
        </test-method> <!-- tearDown -->
        <test-method is-config="true" signature="setUp()[pri:0, instance:TestCase.Register_Test@7334aada]" started-at="2023-06-06T00:31:53 IST" name="setUp" finished-at="2023-06-06T00:31:57 IST" duration-ms="4180" status="PASS">
          <reporter-output>
          </reporter-output>
        </test-method> <!-- setUp -->
        <test-method signature="RegisterWithoutClickingPrivacy(java.lang.reflect.Method)[pri:0, instance:TestCase.Register_Test@7334aada]" started-at="2023-06-06T00:31:57 IST" name="RegisterWithoutClickingPrivacy" finished-at="2023-06-06T00:31:58 IST" duration-ms="878" status="PASS">
          <params>
            <param index="0">
              <value>
                <![CDATA[void TestCase.Register_Test.RegisterWithoutClickingPrivacy(java.lang.reflect.Method)]]>
              </value>
            </param>
          </params>
          <reporter-output>
          </reporter-output>
        </test-method> <!-- RegisterWithoutClickingPrivacy -->
        <test-method is-config="true" signature="tearDown()[pri:0, instance:TestCase.Register_Test@7334aada]" started-at="2023-06-06T00:31:58 IST" name="tearDown" finished-at="2023-06-06T00:31:59 IST" duration-ms="621" status="PASS">
          <reporter-output>
          </reporter-output>
        </test-method> <!-- tearDown -->
      </class> <!-- TestCase.Register_Test -->
    </test> <!-- Test -->
  </suite> <!-- Suite -->
</testng-results>
